[0.032s] Invoking command in '/home/nvidia/Calibration/build/rm_description': CMAKE_PREFIX_PATH=/opt/ros/humble /usr/bin/cmake /home/nvidia/Calibration/src/ros2_packages/ros2_rm_robot/rm_description -DCMAKE_BUILD_TYPE=Release -DAMENT_CMAKE_SYMLINK_INSTALL=1 -DCMAKE_INSTALL_PREFIX=/home/nvidia/Calibration/install/rm_description
[0.237s] -- The C compiler identification is GNU 11.4.0
[0.432s] -- The CXX compiler identification is GNU 11.4.0
[0.442s] -- Detecting C compiler ABI info
[0.568s] -- Detecting C compiler ABI info - done
[0.581s] -- Check for working C compiler: /usr/bin/cc - skipped
[0.583s] -- Detecting C compile features
[0.585s] -- Detecting C compile features - done
[0.592s] -- Detecting CXX compiler ABI info
[0.789s] -- Detecting CXX compiler ABI info - done
[0.803s] -- Check for working CXX compiler: /usr/bin/c++ - skipped
[0.803s] -- Detecting CXX compile features
[0.804s] -- Detecting CXX compile features - done
[0.808s] -- Found ament_cmake: 1.3.14 (/opt/ros/humble/share/ament_cmake/cmake)
[1.133s] -- Found Python3: /usr/bin/python3 (found version "3.10.12") found components: Interpreter 
[1.274s] -- Override CMake install command with custom implementation using symlinks instead of copying resources
[1.328s] -- Found ament_lint_auto: 0.12.15 (/opt/ros/humble/share/ament_lint_auto/cmake)
[1.498s] -- Added test 'copyright' to check source files copyright and LICENSE
[1.505s] -- Added test 'flake8' to check Python code syntax and style conventions
[1.506s] -- Added test 'lint_cmake' to check CMake code style
[1.507s] -- Added test 'pep257' to check Python code against some of the docstring style conventions in PEP 257
[1.510s] -- Added test 'xmllint' to check XML markup files
[1.512s] -- Configuring done
[1.517s] -- Generating done
[1.521s] -- Build files have been written to: /home/nvidia/Calibration/build/rm_description
[1.531s] Invoked command in '/home/nvidia/Calibration/build/rm_description' returned '0': CMAKE_PREFIX_PATH=/opt/ros/humble /usr/bin/cmake /home/nvidia/Calibration/src/ros2_packages/ros2_rm_robot/rm_description -DCMAKE_BUILD_TYPE=Release -DAMENT_CMAKE_SYMLINK_INSTALL=1 -DCMAKE_INSTALL_PREFIX=/home/nvidia/Calibration/install/rm_description
[1.534s] Invoking command in '/home/nvidia/Calibration/build/rm_description': CMAKE_PREFIX_PATH=/opt/ros/humble /usr/bin/cmake --build /home/nvidia/Calibration/build/rm_description -- -j8 -l8
[1.619s] Invoked command in '/home/nvidia/Calibration/build/rm_description' returned '0': CMAKE_PREFIX_PATH=/opt/ros/humble /usr/bin/cmake --build /home/nvidia/Calibration/build/rm_description -- -j8 -l8
[1.623s] Invoking command in '/home/nvidia/Calibration/build/rm_description': CMAKE_PREFIX_PATH=/opt/ros/humble /usr/bin/cmake --install /home/nvidia/Calibration/build/rm_description
[1.635s] -- Install configuration: "Release"
[1.635s] -- Execute custom install script
[1.636s] -- Symlinking: /home/nvidia/Calibration/install/rm_description/share/rm_description/launch/rm_65_6f_display.launch.py
[1.655s] -- Symlinking: /home/nvidia/Calibration/install/rm_description/share/rm_description/urdf/display_arm.rviz
[1.672s] -- Symlinking: /home/nvidia/Calibration/install/rm_description/share/rm_description/urdf/rm_65.urdf
[1.689s] -- Symlinking: /home/nvidia/Calibration/install/rm_description/share/rm_description/urdf/rm_65.urdf.xacro
[1.710s] -- Symlinking: /home/nvidia/Calibration/install/rm_description/share/rm_description/urdf/rm_65_6f.urdf
[1.726s] -- Symlinking: /home/nvidia/Calibration/install/rm_description/share/rm_description/urdf/rm_65_description.csv
[1.742s] -- Symlinking: /home/nvidia/Calibration/install/rm_description/share/rm_description/meshes/rm_65_arm/base_link.STL
[1.758s] -- Symlinking: /home/nvidia/Calibration/install/rm_description/share/rm_description/meshes/rm_65_arm/link1.STL
[1.772s] -- Symlinking: /home/nvidia/Calibration/install/rm_description/share/rm_description/meshes/rm_65_arm/link2.STL
[1.786s] -- Symlinking: /home/nvidia/Calibration/install/rm_description/share/rm_description/meshes/rm_65_arm/link3.STL
[1.804s] -- Symlinking: /home/nvidia/Calibration/install/rm_description/share/rm_description/meshes/rm_65_arm/link4.STL
[1.818s] -- Symlinking: /home/nvidia/Calibration/install/rm_description/share/rm_description/meshes/rm_65_arm/link5.STL
[1.834s] -- Symlinking: /home/nvidia/Calibration/install/rm_description/share/rm_description/meshes/rm_65_arm/link6.STL
[1.850s] -- Symlinking: /home/nvidia/Calibration/install/rm_description/share/rm_description/meshes/rm_65_arm/link6_6f.STL
[1.866s] -- Symlinking: /home/nvidia/Calibration/install/rm_description/share/ament_index/resource_index/package_run_dependencies/rm_description
[1.881s] -- Symlinking: /home/nvidia/Calibration/install/rm_description/share/ament_index/resource_index/parent_prefix_path/rm_description
[1.898s] -- Symlinking: /home/nvidia/Calibration/install/rm_description/share/rm_description/environment/ament_prefix_path.sh
[1.915s] -- Symlinking: /home/nvidia/Calibration/install/rm_description/share/rm_description/environment/ament_prefix_path.dsv
[1.931s] -- Symlinking: /home/nvidia/Calibration/install/rm_description/share/rm_description/environment/path.sh
[1.946s] -- Symlinking: /home/nvidia/Calibration/install/rm_description/share/rm_description/environment/path.dsv
[1.960s] -- Symlinking: /home/nvidia/Calibration/install/rm_description/share/rm_description/local_setup.bash
[1.976s] -- Symlinking: /home/nvidia/Calibration/install/rm_description/share/rm_description/local_setup.sh
[1.992s] -- Symlinking: /home/nvidia/Calibration/install/rm_description/share/rm_description/local_setup.zsh
[2.010s] -- Symlinking: /home/nvidia/Calibration/install/rm_description/share/rm_description/local_setup.dsv
[2.025s] -- Symlinking: /home/nvidia/Calibration/install/rm_description/share/rm_description/package.dsv
[2.040s] -- Symlinking: /home/nvidia/Calibration/install/rm_description/share/ament_index/resource_index/packages/rm_description
[2.056s] -- Symlinking: /home/nvidia/Calibration/install/rm_description/share/rm_description/cmake/rm_descriptionConfig.cmake
[2.072s] -- Symlinking: /home/nvidia/Calibration/install/rm_description/share/rm_description/cmake/rm_descriptionConfig-version.cmake
[2.087s] -- Symlinking: /home/nvidia/Calibration/install/rm_description/share/rm_description/package.xml
[2.108s] Invoked command in '/home/nvidia/Calibration/build/rm_description' returned '0': CMAKE_PREFIX_PATH=/opt/ros/humble /usr/bin/cmake --install /home/nvidia/Calibration/build/rm_description
