[INFO] [launch]: All log files can be found below /home/nvidia/.ros/log/2026-06-03-15-03-07-801426-nvidia-desktop-30647
[INFO] [launch]: Default logging verbosity is set to INFO
warning: Using load_yaml() directly is deprecated. Use xacro.load_yaml() instead.
warning: Using load_yaml() directly is deprecated. Use xacro.load_yaml() instead.
[INFO] [rm_driver-1]: process started with pid [30705]
[INFO] [robot_state_publisher-2]: process started with pid [30707]
[INFO] [rm_control-3]: process started with pid [30709]
[INFO] [move_group-4]: process started with pid [30711]
[INFO] [rviz2-5]: process started with pid [30713]
[robot_state_publisher-2] [WARN] [1780470188.663758747] [kdl_parser]: The root link base_link has an inertia specified in the URDF, but KDL does not support a root link with an inertia.  As a workaround, you can add an extra dummy link to your URDF.
[robot_state_publisher-2] [INFO] [1780470188.665129482] [robot_state_publisher]: got segment Link1
[robot_state_publisher-2] [INFO] [1780470188.665256417] [robot_state_publisher]: got segment Link2
[robot_state_publisher-2] [INFO] [1780470188.665270919] [robot_state_publisher]: got segment Link3
[robot_state_publisher-2] [INFO] [1780470188.665279563] [robot_state_publisher]: got segment Link4
[robot_state_publisher-2] [INFO] [1780470188.665286510] [robot_state_publisher]: got segment Link5
[robot_state_publisher-2] [INFO] [1780470188.665292817] [robot_state_publisher]: got segment Link6
[robot_state_publisher-2] [INFO] [1780470188.665299252] [robot_state_publisher]: got segment base_link
[move_group-4] [INFO] [1780470188.755010703] [moveit_rdf_loader.rdf_loader]: Loaded robot model in 0.00609508 seconds
[move_group-4] [INFO] [1780470188.755180696] [moveit_robot_model.robot_model]: Loading robot model 'rm_65_description'...
[move_group-4] [INFO] [1780470188.755197344] [moveit_robot_model.robot_model]: No root/virtual joint specified in SRDF. Assuming fixed joint
[move_group-4] [WARN] [1780470188.870145766] [kdl_parser]: The root link base_link has an inertia specified in the URDF, but KDL does not support a root link with an inertia.  As a workaround, you can add an extra dummy link to your URDF.
[move_group-4] [INFO] [1780470189.110322054] [moveit_ros.planning_scene_monitor.planning_scene_monitor]: Publishing maintained planning scene on 'monitored_planning_scene'
[move_group-4] [INFO] [1780470189.110737914] [moveit.ros_planning_interface.moveit_cpp]: Listening to 'joint_states' for joint states
[move_group-4] [INFO] [1780470189.111999517] [moveit_ros.current_state_monitor]: Listening to joint states on topic 'joint_states'
[move_group-4] [INFO] [1780470189.113144493] [moveit_ros.planning_scene_monitor.planning_scene_monitor]: Listening to '/attached_collision_object' for attached collision objects
[move_group-4] [INFO] [1780470189.113193730] [moveit_ros.planning_scene_monitor.planning_scene_monitor]: Starting planning scene monitor
[move_group-4] [INFO] [1780470189.113681686] [moveit_ros.planning_scene_monitor.planning_scene_monitor]: Listening to '/planning_scene'
[move_group-4] [INFO] [1780470189.113711651] [moveit_ros.planning_scene_monitor.planning_scene_monitor]: Starting world geometry update monitor for collision objects, attached objects, octomap updates.
[move_group-4] [INFO] [1780470189.114270037] [moveit_ros.planning_scene_monitor.planning_scene_monitor]: Listening to 'collision_object'
[move_group-4] [INFO] [1780470189.114943385] [moveit_ros.planning_scene_monitor.planning_scene_monitor]: Listening to 'planning_scene_world' for planning scene world geometry
[move_group-4] [WARN] [1780470189.116867483] [moveit.ros.occupancy_map_monitor.middleware_handle]: Resolution not specified for Octomap. Assuming resolution = 0.1 instead
[move_group-4] [ERROR] [1780470189.116952768] [moveit.ros.occupancy_map_monitor.middleware_handle]: No 3D sensor plugin(s) defined for octomap updates
[move_group-4] [INFO] [1780470189.262154892] [moveit.ros_planning_interface.moveit_cpp]: Loading planning pipeline 'ompl'
[move_group-4] [INFO] [1780470189.298619719] [moveit.ros_planning.planning_pipeline]: Using planning interface 'OMPL'
[move_group-4] [INFO] [1780470189.304239818] [moveit_ros.add_time_optimal_parameterization]: Param 'ompl.path_tolerance' was not set. Using default value: 0.100000
[move_group-4] [INFO] [1780470189.304298628] [moveit_ros.add_time_optimal_parameterization]: Param 'ompl.resample_dt' was not set. Using default value: 0.100000
[move_group-4] [INFO] [1780470189.304306887] [moveit_ros.add_time_optimal_parameterization]: Param 'ompl.min_angle_change' was not set. Using default value: 0.001000
[move_group-4] [INFO] [1780470189.304339734] [moveit_ros.fix_workspace_bounds]: Param 'ompl.default_workspace_bounds' was not set. Using default value: 10.000000
[move_group-4] [INFO] [1780470189.304367938] [moveit_ros.fix_start_state_bounds]: Param 'ompl.start_state_max_bounds_error' was set to 0.100000
[move_group-4] [INFO] [1780470189.304376485] [moveit_ros.fix_start_state_bounds]: Param 'ompl.start_state_max_dt' was not set. Using default value: 0.500000
[move_group-4] [INFO] [1780470189.304392012] [moveit_ros.fix_start_state_collision]: Param 'ompl.start_state_max_dt' was not set. Using default value: 0.500000
[move_group-4] [INFO] [1780470189.304400016] [moveit_ros.fix_start_state_collision]: Param 'ompl.jiggle_fraction' was set to 0.050000
[move_group-4] [INFO] [1780470189.304408435] [moveit_ros.fix_start_state_collision]: Param 'ompl.max_sampling_attempts' was not set. Using default value: 100
[move_group-4] [INFO] [1780470189.304423226] [moveit.ros_planning.planning_pipeline]: Using planning request adapter 'Add Time Optimal Parameterization'
[move_group-4] [INFO] [1780470189.304428700] [moveit.ros_planning.planning_pipeline]: Using planning request adapter 'Resolve constraint frames to robot links'
[move_group-4] [INFO] [1780470189.304432926] [moveit.ros_planning.planning_pipeline]: Using planning request adapter 'Fix Workspace Bounds'
[move_group-4] [INFO] [1780470189.304436960] [moveit.ros_planning.planning_pipeline]: Using planning request adapter 'Fix Start State Bounds'
[move_group-4] [INFO] [1780470189.304440993] [moveit.ros_planning.planning_pipeline]: Using planning request adapter 'Fix Start State In Collision'
[move_group-4] [INFO] [1780470189.304445219] [moveit.ros_planning.planning_pipeline]: Using planning request adapter 'Fix Start State Path Constraints'
[move_group-4] [INFO] [1780470189.309881911] [moveit.ros_planning_interface.moveit_cpp]: Loading planning pipeline 'pilz_industrial_motion_planner'
[move_group-4] [INFO] [1780470189.314678774] [moveit.pilz_industrial_motion_planner.joint_limits_aggregator]: Reading limits from namespace robot_description_planning
[move_group-4] [INFO] [1780470189.319276543] [moveit.pilz_industrial_motion_planner]: Available plugins: pilz_industrial_motion_planner/PlanningContextLoaderCIRC pilz_industrial_motion_planner/PlanningContextLoaderLIN pilz_industrial_motion_planner/PlanningContextLoaderPTP 
[move_group-4] [INFO] [1780470189.319327701] [moveit.pilz_industrial_motion_planner]: About to load: pilz_industrial_motion_planner/PlanningContextLoaderCIRC
[move_group-4] [INFO] [1780470189.323059494] [moveit.pilz_industrial_motion_planner]: Registered Algorithm [CIRC]
[move_group-4] [INFO] [1780470189.323102969] [moveit.pilz_industrial_motion_planner]: About to load: pilz_industrial_motion_planner/PlanningContextLoaderLIN
[move_group-4] [INFO] [1780470189.324481198] [moveit.pilz_industrial_motion_planner]: Registered Algorithm [LIN]
[move_group-4] [INFO] [1780470189.324507033] [moveit.pilz_industrial_motion_planner]: About to load: pilz_industrial_motion_planner/PlanningContextLoaderPTP
[move_group-4] [INFO] [1780470189.325869064] [moveit.pilz_industrial_motion_planner]: Registered Algorithm [PTP]
[move_group-4] [INFO] [1780470189.325902582] [moveit.ros_planning.planning_pipeline]: Using planning interface 'Pilz Industrial Motion Planner'
[move_group-4] [INFO] [1780470189.327373171] [moveit.ros_planning_interface.moveit_cpp]: Loading planning pipeline 'chomp'
[move_group-4] [INFO] [1780470189.335982246] [moveit.ros_planning.planning_pipeline]: Using planning interface 'CHOMP'
[move_group-4] [INFO] [1780470189.337729916] [moveit_ros.add_time_optimal_parameterization]: Param 'chomp.path_tolerance' was not set. Using default value: 0.100000
[move_group-4] [INFO] [1780470189.337765739] [moveit_ros.add_time_optimal_parameterization]: Param 'chomp.resample_dt' was not set. Using default value: 0.100000
[move_group-4] [INFO] [1780470189.337825189] [moveit_ros.add_time_optimal_parameterization]: Param 'chomp.min_angle_change' was not set. Using default value: 0.001000
[move_group-4] [INFO] [1780470189.337865494] [moveit_ros.fix_workspace_bounds]: Param 'chomp.default_workspace_bounds' was not set. Using default value: 10.000000
[move_group-4] [INFO] [1780470189.337889057] [moveit_ros.fix_start_state_bounds]: Param 'chomp.start_state_max_bounds_error' was set to 0.100000
[move_group-4] [INFO] [1780470189.337897316] [moveit_ros.fix_start_state_bounds]: Param 'chomp.start_state_max_dt' was not set. Using default value: 0.500000
[move_group-4] [INFO] [1780470189.337913483] [moveit_ros.fix_start_state_collision]: Param 'chomp.start_state_max_dt' was not set. Using default value: 0.500000
[move_group-4] [INFO] [1780470189.337920878] [moveit_ros.fix_start_state_collision]: Param 'chomp.jiggle_fraction' was set to 0.050000
[move_group-4] [INFO] [1780470189.337926833] [moveit_ros.fix_start_state_collision]: Param 'chomp.max_sampling_attempts' was not set. Using default value: 100
[move_group-4] [INFO] [1780470189.337941943] [moveit.ros_planning.planning_pipeline]: Using planning request adapter 'Add Time Optimal Parameterization'
[move_group-4] [INFO] [1780470189.337946970] [moveit.ros_planning.planning_pipeline]: Using planning request adapter 'Resolve constraint frames to robot links'
[move_group-4] [INFO] [1780470189.337950811] [moveit.ros_planning.planning_pipeline]: Using planning request adapter 'Fix Workspace Bounds'
[move_group-4] [INFO] [1780470189.337954749] [moveit.ros_planning.planning_pipeline]: Using planning request adapter 'Fix Start State Bounds'
[move_group-4] [INFO] [1780470189.337958559] [moveit.ros_planning.planning_pipeline]: Using planning request adapter 'Fix Start State In Collision'
[move_group-4] [INFO] [1780470189.337962528] [moveit.ros_planning.planning_pipeline]: Using planning request adapter 'Fix Start State Path Constraints'
[move_group-4] [INFO] [1780470189.383267506] [moveit.plugins.moveit_simple_controller_manager]: Added FollowJointTrajectory controller for rm_group_controller
[move_group-4] [INFO] [1780470189.383588029] [moveit.plugins.moveit_simple_controller_manager]: Returned 1 controllers in list
[move_group-4] [INFO] [1780470189.383643125] [moveit.plugins.moveit_simple_controller_manager]: Returned 1 controllers in list
[move_group-4] [INFO] [1780470189.384310678] [moveit_ros.trajectory_execution_manager]: Trajectory execution is not managing controllers
[move_group-4] [INFO] [1780470189.384354441] [move_group.move_group]: MoveGroup debug mode is ON
[move_group-4] [INFO] [1780470189.412018941] [move_group.move_group]: 
[move_group-4] 
[move_group-4] ********************************************************
[move_group-4] * MoveGroup using: 
[move_group-4] *     - ApplyPlanningSceneService
[move_group-4] *     - ClearOctomapService
[move_group-4] *     - CartesianPathService
[move_group-4] *     - ExecuteTrajectoryAction
[move_group-4] *     - GetPlanningSceneService
[move_group-4] *     - KinematicsService
[move_group-4] *     - MoveAction
[move_group-4] *     - MotionPlanService
[move_group-4] *     - QueryPlannersService
[move_group-4] *     - StateValidationService
[move_group-4] ********************************************************
[move_group-4] 
[move_group-4] [INFO] [1780470189.412128877] [moveit_move_group_capabilities_base.move_group_context]: MoveGroup context using planning plugin ompl_interface/OMPLPlanner
[move_group-4] [INFO] [1780470189.412149910] [moveit_move_group_capabilities_base.move_group_context]: MoveGroup context initialization complete
[move_group-4] [96mLoading 'move_group/ApplyPlanningSceneService'...
[move_group-4] [0m[96mLoading 'move_group/ClearOctomapService'...
[move_group-4] [0m[96mLoading 'move_group/MoveGroupCartesianPathService'...
[move_group-4] [0m[96mLoading 'move_group/MoveGroupExecuteTrajectoryAction'...
[move_group-4] [0m[96mLoading 'move_group/MoveGroupGetPlanningSceneService'...
[move_group-4] [0m[96mLoading 'move_group/MoveGroupKinematicsService'...
[move_group-4] [0m[96mLoading 'move_group/MoveGroupMoveAction'...
[move_group-4] [0m[96mLoading 'move_group/MoveGroupPlanService'...
[move_group-4] [0m[96mLoading 'move_group/MoveGroupQueryPlannersService'...
[move_group-4] [0m[96mLoading 'move_group/MoveGroupStateValidationService'...
[move_group-4] [0m[92m
[move_group-4] You can start planning now!
[move_group-4] 
[rviz2-5] [INFO] [1780470189.738040098] [rviz2]: Stereo is NOT SUPPORTED
[rviz2-5] [INFO] [1780470189.738310359] [rviz2]: OpenGl version: 4.6 (GLSL 4.6)
[rviz2-5] [INFO] [1780470189.813878467] [rviz2]: Stereo is NOT SUPPORTED
[rviz2-5] Warning: class_loader.impl: SEVERE WARNING!!! A namespace collision has occurred with plugin factory for class rviz_default_plugins::displays::InteractiveMarkerDisplay. New factory will OVERWRITE existing one. This situation occurs when libraries containing plugins are directly linked against an executable (the one running right now generating this message). Please separate plugins out into their own library or just don't link against the library and use either class_loader::ClassLoader/MultiLibraryClassLoader to open.
[rviz2-5]          at line 253 in /opt/ros/humble/include/class_loader/class_loader/class_loader_core.hpp
[rm_driver-1] [INFO] [1780470190.650842018] [rm_driver]: RM_65_driver is running 
[rm_driver-1] [INFO] [1780470190.756649906] [rm_driver]: product_version = RM65-BI
[rm_driver-1] [INFO] [1780470190.756826239] [rm_driver]: controller version : 3
[rm_driver-1] [INFO] [1780470191.140680715] [rm_driver]: UDP_Configuration is cycle:5ms,port:8089,force_coordinate:0,ip:192.168.1.10,hand:0,rm_plus_base:0,rm_plus_state:0,speed:1
[rm_driver-1] 
[rviz2-5] [ERROR] [1780470193.079912747] [moveit_ros_visualization.motion_planning_frame]: Action server: /recognize_objects not available
[rviz2-5] [INFO] [1780470193.121433300] [moveit_ros_visualization.motion_planning_frame]: MoveGroup namespace changed: / -> . Reloading params.
[rviz2-5] [INFO] [1780470193.290887267] [moveit_rdf_loader.rdf_loader]: Loaded robot model in 0.0970419 seconds
[rviz2-5] [INFO] [1780470193.291002678] [moveit_robot_model.robot_model]: Loading robot model 'rm_65_description'...
[rviz2-5] [INFO] [1780470193.291030498] [moveit_robot_model.robot_model]: No root/virtual joint specified in SRDF. Assuming fixed joint
[rviz2-5] [WARN] [1780470193.391850042] [kdl_parser]: The root link base_link has an inertia specified in the URDF, but KDL does not support a root link with an inertia.  As a workaround, you can add an extra dummy link to your URDF.
[rviz2-5] [INFO] [1780470193.628166772] [moveit_ros.planning_scene_monitor.planning_scene_monitor]: Starting planning scene monitor
[rviz2-5] [INFO] [1780470193.629600234] [moveit_ros.planning_scene_monitor.planning_scene_monitor]: Listening to '/monitored_planning_scene'
[rviz2-5] [INFO] [1780470193.760921633] [interactive_marker_display_187650445794240]: Connected on namespace: /rviz_moveit_motion_planning_display/robot_interaction_interactive_marker_topic
[rviz2-5] [WARN] [1780470193.768735691] [kdl_parser]: The root link base_link has an inertia specified in the URDF, but KDL does not support a root link with an inertia.  As a workaround, you can add an extra dummy link to your URDF.
[rviz2-5] [INFO] [1780470193.777020388] [moveit_ros_visualization.motion_planning_frame]: group rm_group
[rviz2-5] [INFO] [1780470193.777089347] [moveit_ros_visualization.motion_planning_frame]: Constructing new MoveGroup connection for group 'rm_group' in namespace ''
[rviz2-5] [INFO] [1780470193.805408578] [move_group_interface]: Ready to take commands for planning group rm_group.
[rviz2-5] [INFO] [1780470193.806631835] [interactive_marker_display_187650445794240]: Sending request for interactive markers
[rviz2-5] [INFO] [1780470193.807618029] [moveit_ros_visualization.motion_planning_frame]: group rm_group
[rviz2-5] [INFO] [1780470193.840213603] [interactive_marker_display_187650445794240]: Service response received for initialization
