[0.032s] Invoking command in '/home/nvidia/Calibration/build/rm_65_config': CMAKE_PREFIX_PATH=/opt/ros/humble /usr/bin/cmake /home/nvidia/Calibration/src/ros2_packages/ros2_rm_robot/rm_moveit2_config/rm_65_config -DCMAKE_BUILD_TYPE=Release -DAMENT_CMAKE_SYMLINK_INSTALL=1 -DCMAKE_INSTALL_PREFIX=/home/nvidia/Calibration/install/rm_65_config
[0.246s] -- The C compiler identification is GNU 11.4.0
[0.433s] -- The CXX compiler identification is GNU 11.4.0
[0.452s] -- Detecting C compiler ABI info
[0.580s] -- Detecting C compiler ABI info - done
[0.592s] -- Check for working C compiler: /usr/bin/cc - skipped
[0.593s] -- Detecting C compile features
[0.596s] -- Detecting C compile features - done
[0.605s] -- Detecting CXX compiler ABI info
[0.809s] -- Detecting CXX compiler ABI info - done
[0.819s] -- Check for working CXX compiler: /usr/bin/c++ - skipped
[0.820s] -- Detecting CXX compile features
[0.820s] -- Detecting CXX compile features - done
[0.825s] -- Found ament_cmake: 1.3.14 (/opt/ros/humble/share/ament_cmake/cmake)
[1.148s] -- Found Python3: /usr/bin/python3 (found version "3.10.12") found components: Interpreter 
[1.305s] -- Override CMake install command with custom implementation using symlinks instead of copying resources
[1.508s] -- Configuring done
[1.517s] -- Generating done
[1.522s] -- Build files have been written to: /home/nvidia/Calibration/build/rm_65_config
[1.533s] Invoked command in '/home/nvidia/Calibration/build/rm_65_config' returned '0': CMAKE_PREFIX_PATH=/opt/ros/humble /usr/bin/cmake /home/nvidia/Calibration/src/ros2_packages/ros2_rm_robot/rm_moveit2_config/rm_65_config -DCMAKE_BUILD_TYPE=Release -DAMENT_CMAKE_SYMLINK_INSTALL=1 -DCMAKE_INSTALL_PREFIX=/home/nvidia/Calibration/install/rm_65_config
[1.536s] Invoking command in '/home/nvidia/Calibration/build/rm_65_config': CMAKE_PREFIX_PATH=/opt/ros/humble /usr/bin/cmake --build /home/nvidia/Calibration/build/rm_65_config -- -j8 -l8
[1.605s] Invoked command in '/home/nvidia/Calibration/build/rm_65_config' returned '0': CMAKE_PREFIX_PATH=/opt/ros/humble /usr/bin/cmake --build /home/nvidia/Calibration/build/rm_65_config -- -j8 -l8
[1.622s] Invoking command in '/home/nvidia/Calibration/build/rm_65_config': CMAKE_PREFIX_PATH=/opt/ros/humble /usr/bin/cmake --install /home/nvidia/Calibration/build/rm_65_config
[1.637s] -- Install configuration: "Release"
[1.637s] -- Execute custom install script
[1.638s] -- Symlinking: /home/nvidia/Calibration/install/rm_65_config/share/ament_index/resource_index/package_run_dependencies/rm_65_config
[1.656s] -- Symlinking: /home/nvidia/Calibration/install/rm_65_config/share/ament_index/resource_index/parent_prefix_path/rm_65_config
[1.684s] -- Symlinking: /home/nvidia/Calibration/install/rm_65_config/share/rm_65_config/environment/ament_prefix_path.sh
[1.707s] -- Symlinking: /home/nvidia/Calibration/install/rm_65_config/share/rm_65_config/environment/ament_prefix_path.dsv
[1.728s] -- Symlinking: /home/nvidia/Calibration/install/rm_65_config/share/rm_65_config/environment/path.sh
[1.748s] -- Symlinking: /home/nvidia/Calibration/install/rm_65_config/share/rm_65_config/environment/path.dsv
[1.763s] -- Symlinking: /home/nvidia/Calibration/install/rm_65_config/share/rm_65_config/local_setup.bash
[1.779s] -- Symlinking: /home/nvidia/Calibration/install/rm_65_config/share/rm_65_config/local_setup.sh
[1.796s] -- Symlinking: /home/nvidia/Calibration/install/rm_65_config/share/rm_65_config/local_setup.zsh
[1.814s] -- Symlinking: /home/nvidia/Calibration/install/rm_65_config/share/rm_65_config/local_setup.dsv
[1.830s] -- Symlinking: /home/nvidia/Calibration/install/rm_65_config/share/rm_65_config/package.dsv
[1.846s] -- Symlinking: /home/nvidia/Calibration/install/rm_65_config/share/ament_index/resource_index/packages/rm_65_config
[1.861s] -- Symlinking: /home/nvidia/Calibration/install/rm_65_config/share/rm_65_config/cmake/rm_65_configConfig.cmake
[1.876s] -- Symlinking: /home/nvidia/Calibration/install/rm_65_config/share/rm_65_config/cmake/rm_65_configConfig-version.cmake
[1.892s] -- Symlinking: /home/nvidia/Calibration/install/rm_65_config/share/rm_65_config/package.xml
[1.907s] -- Symlinking: /home/nvidia/Calibration/install/rm_65_config/share/rm_65_config/launch/move_group.launch.py
[1.926s] -- Symlinking: /home/nvidia/Calibration/install/rm_65_config/share/rm_65_config/launch/moveit_rviz.launch.py
[1.943s] -- Symlinking: /home/nvidia/Calibration/install/rm_65_config/share/rm_65_config/launch/real_moveit_demo_6f.launch.py
[1.957s] -- Symlinking: /home/nvidia/Calibration/install/rm_65_config/share/rm_65_config/launch/rsp.launch.py
[1.971s] -- Symlinking: /home/nvidia/Calibration/install/rm_65_config/share/rm_65_config/launch/spawn_controllers.launch.py
[1.988s] -- Symlinking: /home/nvidia/Calibration/install/rm_65_config/share/rm_65_config/launch/static_virtual_joint_tfs.launch.py
[2.004s] -- Symlinking: /home/nvidia/Calibration/install/rm_65_config/share/rm_65_config/config/initial_positions.yaml
[2.021s] -- Symlinking: /home/nvidia/Calibration/install/rm_65_config/share/rm_65_config/config/joint_limits.yaml
[2.037s] -- Symlinking: /home/nvidia/Calibration/install/rm_65_config/share/rm_65_config/config/kinematics.yaml
[2.051s] -- Symlinking: /home/nvidia/Calibration/install/rm_65_config/share/rm_65_config/config/moveit.rviz
[2.068s] -- Symlinking: /home/nvidia/Calibration/install/rm_65_config/share/rm_65_config/config/moveit_controllers.yaml
[2.083s] -- Symlinking: /home/nvidia/Calibration/install/rm_65_config/share/rm_65_config/config/pilz_cartesian_limits.yaml
[2.098s] -- Symlinking: /home/nvidia/Calibration/install/rm_65_config/share/rm_65_config/config/rm_65_6f_description.urdf.xacro
[2.114s] -- Symlinking: /home/nvidia/Calibration/install/rm_65_config/share/rm_65_config/config/rm_65_description.ros2_control.xacro
[2.129s] -- Symlinking: /home/nvidia/Calibration/install/rm_65_config/share/rm_65_config/config/rm_65_description.srdf
[2.148s] -- Symlinking: /home/nvidia/Calibration/install/rm_65_config/share/rm_65_config/config/rm_65_description.urdf.xacro
[2.163s] -- Symlinking: /home/nvidia/Calibration/install/rm_65_config/share/rm_65_config/config/ros2_controllers.yaml
[2.181s] -- Symlinking: /home/nvidia/Calibration/install/rm_65_config/share/rm_65_config/.setup_assistant
[2.203s] Invoked command in '/home/nvidia/Calibration/build/rm_65_config' returned '0': CMAKE_PREFIX_PATH=/opt/ros/humble /usr/bin/cmake --install /home/nvidia/Calibration/build/rm_65_config
