[0.024s] Invoking command in '/home/nvidia/Calibration/build/rm_control': AMENT_PREFIX_PATH=/home/nvidia/Calibration/install/rm_ros_interfaces:${AMENT_PREFIX_PATH} CMAKE_PREFIX_PATH=/home/nvidia/Calibration/install/rm_ros_interfaces:/opt/ros/humble LD_LIBRARY_PATH=/home/nvidia/Calibration/install/rm_ros_interfaces/lib:${LD_LIBRARY_PATH} PYTHONPATH=/home/nvidia/Calibration/install/rm_ros_interfaces/local/lib/python3.10/dist-packages:${PYTHONPATH} /usr/bin/cmake /home/nvidia/Calibration/src/ros2_packages/ros2_rm_robot/rm_control -DCMAKE_BUILD_TYPE=Release -DAMENT_CMAKE_SYMLINK_INSTALL=1 -DCMAKE_INSTALL_PREFIX=/home/nvidia/Calibration/install/rm_control
[0.123s] -- The C compiler identification is GNU 11.4.0
[0.226s] -- The CXX compiler identification is GNU 11.4.0
[0.246s] -- Detecting C compiler ABI info
[0.385s] -- Detecting C compiler ABI info - done
[0.400s] -- Check for working C compiler: /usr/bin/cc - skipped
[0.401s] -- Detecting C compile features
[0.402s] -- Detecting C compile features - done
[0.408s] -- Detecting CXX compiler ABI info
[0.569s] -- Detecting CXX compiler ABI info - done
[0.581s] -- Check for working CXX compiler: /usr/bin/c++ - skipped
[0.581s] -- Detecting CXX compile features
[0.581s] -- Detecting CXX compile features - done
[0.585s] -- Found ament_cmake: 1.3.14 (/opt/ros/humble/share/ament_cmake/cmake)
[0.919s] -- Found Python3: /usr/bin/python3 (found version "3.10.12") found components: Interpreter 
[1.065s] -- Override CMake install command with custom implementation using symlinks instead of copying resources
[1.113s] -- Found rclcpp_action: 16.0.19 (/opt/ros/humble/share/rclcpp_action/cmake)
[1.185s] -- Found rosidl_generator_c: 3.1.8 (/opt/ros/humble/share/rosidl_generator_c/cmake)
[1.194s] -- Found rosidl_adapter: 3.1.8 (/opt/ros/humble/share/rosidl_adapter/cmake)
[1.209s] -- Found rosidl_generator_cpp: 3.1.8 (/opt/ros/humble/share/rosidl_generator_cpp/cmake)
[1.229s] -- Using all available rosidl_typesupport_c: rosidl_typesupport_fastrtps_c;rosidl_typesupport_introspection_c
[1.255s] -- Using all available rosidl_typesupport_cpp: rosidl_typesupport_fastrtps_cpp;rosidl_typesupport_introspection_cpp
[1.385s] -- Found rmw_implementation_cmake: 6.1.2 (/opt/ros/humble/share/rmw_implementation_cmake/cmake)
[1.390s] -- Found rmw_fastrtps_cpp: 6.2.10 (/opt/ros/humble/share/rmw_fastrtps_cpp/cmake)
[1.569s] -- Found OpenSSL: /usr/lib/aarch64-linux-gnu/libcrypto.so (found version "3.0.2")  
[1.649s] -- Found FastRTPS: /opt/ros/humble/include  
[1.744s] -- Using RMW implementation 'rmw_fastrtps_cpp' as default
[1.762s] -- Looking for pthread.h
[1.896s] -- Looking for pthread.h - found
[1.897s] -- Performing Test CMAKE_HAVE_LIBC_PTHREAD
[2.035s] -- Performing Test CMAKE_HAVE_LIBC_PTHREAD - Success
[2.036s] -- Found Threads: TRUE  
[2.141s] -- Found actionlib_msgs: 4.9.1 (/opt/ros/humble/share/actionlib_msgs/cmake)
[2.173s] -- Found control_msgs: 4.9.0 (/opt/ros/humble/share/control_msgs/cmake)
[2.331s] -- Found rm_ros_interfaces: 0.0.0 (/home/nvidia/Calibration/install/rm_ros_interfaces/share/rm_ros_interfaces/cmake)
[2.360s] -- Found ament_lint_auto: 0.12.15 (/opt/ros/humble/share/ament_lint_auto/cmake)
[2.553s] -- Added test 'copyright' to check source files copyright and LICENSE
[2.556s] -- Added test 'cppcheck' to perform static code analysis on C / C++ code
[2.557s] -- Configured cppcheck include dirs: /home/nvidia/Calibration/src/ros2_packages/ros2_rm_robot/rm_control/include;/home/nvidia/Calibration/src/ros2_packages/ros2_rm_robot/rm_control/include/rm_control
[2.557s] -- Configured cppcheck exclude dirs and/or files: 
[2.557s] -- Added test 'cpplint' to check C / C++ code against the Google style
[2.557s] -- Configured cpplint exclude dirs and/or files: 
[2.558s] -- Added test 'flake8' to check Python code syntax and style conventions
[2.559s] -- Added test 'lint_cmake' to check CMake code style
[2.560s] -- Added test 'pep257' to check Python code against some of the docstring style conventions in PEP 257
[2.566s] -- Added test 'uncrustify' to check C / C++ code style
[2.566s] -- Configured uncrustify additional arguments: 
[2.566s] -- Added test 'xmllint' to check XML markup files
[2.567s] -- Configuring done
[2.603s] -- Generating done
[2.609s] -- Build files have been written to: /home/nvidia/Calibration/build/rm_control
[2.660s] Invoked command in '/home/nvidia/Calibration/build/rm_control' returned '0': AMENT_PREFIX_PATH=/home/nvidia/Calibration/install/rm_ros_interfaces:${AMENT_PREFIX_PATH} CMAKE_PREFIX_PATH=/home/nvidia/Calibration/install/rm_ros_interfaces:/opt/ros/humble LD_LIBRARY_PATH=/home/nvidia/Calibration/install/rm_ros_interfaces/lib:${LD_LIBRARY_PATH} PYTHONPATH=/home/nvidia/Calibration/install/rm_ros_interfaces/local/lib/python3.10/dist-packages:${PYTHONPATH} /usr/bin/cmake /home/nvidia/Calibration/src/ros2_packages/ros2_rm_robot/rm_control -DCMAKE_BUILD_TYPE=Release -DAMENT_CMAKE_SYMLINK_INSTALL=1 -DCMAKE_INSTALL_PREFIX=/home/nvidia/Calibration/install/rm_control
[2.662s] Invoking command in '/home/nvidia/Calibration/build/rm_control': AMENT_PREFIX_PATH=/home/nvidia/Calibration/install/rm_ros_interfaces:${AMENT_PREFIX_PATH} CMAKE_PREFIX_PATH=/home/nvidia/Calibration/install/rm_ros_interfaces:/opt/ros/humble LD_LIBRARY_PATH=/home/nvidia/Calibration/install/rm_ros_interfaces/lib:${LD_LIBRARY_PATH} PYTHONPATH=/home/nvidia/Calibration/install/rm_ros_interfaces/local/lib/python3.10/dist-packages:${PYTHONPATH} /usr/bin/cmake --build /home/nvidia/Calibration/build/rm_control -- -j8 -l8
[2.754s] [ 50%] [32mBuilding CXX object CMakeFiles/rm_control.dir/src/rm_control.cpp.o[0m
[31.477s] [100%] [32m[1mLinking CXX executable rm_control[0m
[31.845s] [100%] Built target rm_control
[31.871s] Invoked command in '/home/nvidia/Calibration/build/rm_control' returned '0': AMENT_PREFIX_PATH=/home/nvidia/Calibration/install/rm_ros_interfaces:${AMENT_PREFIX_PATH} CMAKE_PREFIX_PATH=/home/nvidia/Calibration/install/rm_ros_interfaces:/opt/ros/humble LD_LIBRARY_PATH=/home/nvidia/Calibration/install/rm_ros_interfaces/lib:${LD_LIBRARY_PATH} PYTHONPATH=/home/nvidia/Calibration/install/rm_ros_interfaces/local/lib/python3.10/dist-packages:${PYTHONPATH} /usr/bin/cmake --build /home/nvidia/Calibration/build/rm_control -- -j8 -l8
[31.877s] Invoking command in '/home/nvidia/Calibration/build/rm_control': AMENT_PREFIX_PATH=/home/nvidia/Calibration/install/rm_ros_interfaces:${AMENT_PREFIX_PATH} CMAKE_PREFIX_PATH=/home/nvidia/Calibration/install/rm_ros_interfaces:/opt/ros/humble LD_LIBRARY_PATH=/home/nvidia/Calibration/install/rm_ros_interfaces/lib:${LD_LIBRARY_PATH} PYTHONPATH=/home/nvidia/Calibration/install/rm_ros_interfaces/local/lib/python3.10/dist-packages:${PYTHONPATH} /usr/bin/cmake --install /home/nvidia/Calibration/build/rm_control
[31.891s] -- Install configuration: "Release"
[31.892s] -- Execute custom install script
[31.893s] -- Symlinking: /home/nvidia/Calibration/install/rm_control/share/rm_control/launch/rm_65_control.launch.py
[31.912s] -- Symlinking: /home/nvidia/Calibration/install/rm_control/lib/rm_control/rm_control
[31.930s] -- Symlinking: /home/nvidia/Calibration/install/rm_control/share/ament_index/resource_index/package_run_dependencies/rm_control
[31.948s] -- Symlinking: /home/nvidia/Calibration/install/rm_control/share/ament_index/resource_index/parent_prefix_path/rm_control
[31.968s] -- Symlinking: /home/nvidia/Calibration/install/rm_control/share/rm_control/environment/ament_prefix_path.sh
[31.987s] -- Symlinking: /home/nvidia/Calibration/install/rm_control/share/rm_control/environment/ament_prefix_path.dsv
[32.005s] -- Symlinking: /home/nvidia/Calibration/install/rm_control/share/rm_control/environment/path.sh
[32.023s] -- Symlinking: /home/nvidia/Calibration/install/rm_control/share/rm_control/environment/path.dsv
[32.039s] -- Symlinking: /home/nvidia/Calibration/install/rm_control/share/rm_control/local_setup.bash
[32.057s] -- Symlinking: /home/nvidia/Calibration/install/rm_control/share/rm_control/local_setup.sh
[32.076s] -- Symlinking: /home/nvidia/Calibration/install/rm_control/share/rm_control/local_setup.zsh
[32.095s] -- Symlinking: /home/nvidia/Calibration/install/rm_control/share/rm_control/local_setup.dsv
[32.113s] -- Symlinking: /home/nvidia/Calibration/install/rm_control/share/rm_control/package.dsv
[32.132s] -- Symlinking: /home/nvidia/Calibration/install/rm_control/share/ament_index/resource_index/packages/rm_control
[32.149s] -- Symlinking: /home/nvidia/Calibration/install/rm_control/share/rm_control/cmake/rm_controlConfig.cmake
[32.168s] -- Symlinking: /home/nvidia/Calibration/install/rm_control/share/rm_control/cmake/rm_controlConfig-version.cmake
[32.186s] -- Symlinking: /home/nvidia/Calibration/install/rm_control/share/rm_control/package.xml
[32.211s] Invoked command in '/home/nvidia/Calibration/build/rm_control' returned '0': AMENT_PREFIX_PATH=/home/nvidia/Calibration/install/rm_ros_interfaces:${AMENT_PREFIX_PATH} CMAKE_PREFIX_PATH=/home/nvidia/Calibration/install/rm_ros_interfaces:/opt/ros/humble LD_LIBRARY_PATH=/home/nvidia/Calibration/install/rm_ros_interfaces/lib:${LD_LIBRARY_PATH} PYTHONPATH=/home/nvidia/Calibration/install/rm_ros_interfaces/local/lib/python3.10/dist-packages:${PYTHONPATH} /usr/bin/cmake --install /home/nvidia/Calibration/build/rm_control
